\BOOKMARK [0][-]{chapter*.1}{\376\377\000D\000e\000c\000l\000a\000r\000a\000t\000i\000o\000n\000\040\000o\000f\000\040\000t\000h\000e\000\040\000C\000a\000n\000d\000i\000d\000a\000t\000e\000\040\000\046\000\040\000S\000u\000p\000e\000r\000v\000i\000s\000o\000r}{}% 1
\BOOKMARK [0][-]{chapter*.2}{\376\377\000D\000e\000d\000i\000c\000a\000t\000i\000o\000n}{}% 2
\BOOKMARK [0][-]{chapter*.3}{\376\377\000A\000c\000k\000n\000o\000w\000l\000e\000d\000g\000e\000m\000e\000n\000t}{}% 3
\BOOKMARK [0][-]{chapter*.4}{\376\377\000A\000b\000s\000t\000r\000a\000c\000t}{}% 4
\BOOKMARK [0][-]{chapter*.5}{\376\377\000T\000a\000b\000l\000e\000\040\000o\000f\000\040\000C\000o\000n\000t\000e\000n\000t\000s}{}% 5
\BOOKMARK [0][-]{chapter*.6}{\376\377\000L\000i\000s\000t\000\040\000o\000f\000\040\000F\000i\000g\000u\000r\000e\000s}{}% 6
\BOOKMARK [0][-]{chapter*.7}{\376\377\000L\000i\000s\000t\000\040\000o\000f\000\040\000T\000a\000b\000l\000e\000s}{}% 7
\BOOKMARK [0][-]{chapter.1}{\376\377\000I\000n\000t\000r\000o\000d\000u\000c\000t\000i\000o\000n}{}% 8
\BOOKMARK [1][-]{section.1.1}{\376\377\000A\000s\000s\000e\000t\000\040\000H\000i\000e\000r\000a\000r\000c\000h\000y}{chapter.1}% 9
\BOOKMARK [1][-]{section.1.2}{\376\377\000W\000e\000l\000l\000\040\000T\000y\000p\000e\000s}{chapter.1}% 10
\BOOKMARK [1][-]{section.1.3}{\376\377\000W\000e\000l\000l\000\040\000D\000o\000w\000n\000h\000o\000l\000e\000\040\000a\000n\000d\000\040\000S\000u\000r\000f\000a\000c\000e\000\040\000I\000n\000s\000t\000r\000u\000m\000e\000n\000t\000a\000t\000i\000o\000n}{chapter.1}% 11
\BOOKMARK [1][-]{section.1.4}{\376\377\000F\000l\000o\000w\000\040\000S\000t\000a\000t\000e\000s}{chapter.1}% 12
\BOOKMARK [1][-]{section.1.5}{\376\377\000P\000h\000y\000s\000i\000c\000a\000l\000\040\000F\000l\000o\000w\000\040\000M\000e\000t\000e\000r\000s}{chapter.1}% 13
\BOOKMARK [2][-]{subsection.1.5.1}{\376\377\000S\000i\000n\000g\000l\000e\000\040\000P\000h\000a\000s\000e\000\040\000F\000l\000o\000w\000\040\000M\000e\000t\000e\000r}{section.1.5}% 14
\BOOKMARK [2][-]{subsection.1.5.2}{\376\377\000M\000u\000l\000t\000i\000\040\000P\000h\000a\000s\000e\000\040\000F\000l\000o\000w\000\040\000M\000e\000t\000e\000r}{section.1.5}% 15
\BOOKMARK [1][-]{section.1.6}{\376\377\000V\000i\000r\000t\000u\000a\000l\000\040\000F\000l\000o\000w\000\040\000M\000e\000t\000e\000r\000s}{chapter.1}% 16
\BOOKMARK [2][-]{subsection.1.6.1}{\376\377\000P\000h\000y\000s\000i\000c\000s\000-\000b\000a\000s\000e\000d\000\040\000V\000F\000M}{section.1.6}% 17
\BOOKMARK [2][-]{subsection.1.6.2}{\376\377\000M\000L\000\040\000b\000a\000s\000e\000d\000\040\000V\000F\000M}{section.1.6}% 18
\BOOKMARK [2][-]{subsection.1.6.3}{\376\377\000H\000y\000b\000r\000i\000d\000\040\000V\000F\000M}{section.1.6}% 19
\BOOKMARK [1][-]{section.1.7}{\376\377\000R\000e\000s\000e\000a\000r\000c\000h\000\040\000P\000r\000o\000b\000l\000e\000m}{chapter.1}% 20
\BOOKMARK [1][-]{section.1.8}{\376\377\000R\000e\000s\000e\000a\000r\000c\000h\000\040\000O\000b\000j\000e\000c\000t\000i\000v\000e\000s}{chapter.1}% 21
\BOOKMARK [1][-]{section.1.9}{\376\377\000S\000c\000o\000p\000e\000\040\000a\000n\000d\000\040\000L\000i\000m\000i\000t\000a\000t\000i\000o\000n\000s}{chapter.1}% 22
\BOOKMARK [2][-]{subsection.1.9.1}{\376\377\000S\000c\000o\000p\000e\000\040\000o\000f\000\040\000t\000h\000e\000\040\000R\000e\000s\000e\000a\000r\000c\000h}{section.1.9}% 23
\BOOKMARK [2][-]{subsection.1.9.2}{\376\377\000L\000i\000m\000i\000t\000a\000t\000i\000o\000n\000s\000\040\000o\000f\000\040\000t\000h\000e\000\040\000R\000e\000s\000e\000a\000r\000c\000h}{section.1.9}% 24
\BOOKMARK [0][-]{chapter.2}{\376\377\000L\000i\000t\000e\000r\000a\000t\000u\000r\000e\000\040\000R\000e\000v\000i\000e\000w}{}% 25
\BOOKMARK [0][-]{chapter.3}{\376\377\000M\000e\000t\000h\000o\000d\000o\000l\000o\000g\000y}{}% 26
\BOOKMARK [1][-]{section.3.1}{\376\377\000O\000v\000e\000r\000v\000i\000e\000w\000\040\000o\000f\000\040\000t\000h\000e\000\040\000P\000r\000o\000p\000o\000s\000e\000d\000\040\000F\000r\000a\000m\000e\000w\000o\000r\000k}{chapter.3}% 27
\BOOKMARK [2][-]{subsection.3.1.1}{\376\377\000B\000a\000s\000e\000l\000i\000n\000e\000\040\000P\000h\000y\000s\000i\000c\000s\000-\000B\000a\000s\000e\000d\000\040\000I\000n\000f\000l\000o\000w\000\040\000M\000o\000d\000e\000l\000i\000n\000g}{section.3.1}% 28
\BOOKMARK [2][-]{subsection.3.1.2}{\376\377\000R\000e\000s\000i\000d\000u\000a\000l\000\040\000L\000e\000a\000r\000n\000i\000n\000g\000\040\000v\000i\000a\000\040\000M\000a\000c\000h\000i\000n\000e\000\040\000L\000e\000a\000r\000n\000i\000n\000g}{section.3.1}% 29
\BOOKMARK [2][-]{subsection.3.1.3}{\376\377\000H\000y\000b\000r\000i\000d\000\040\000I\000n\000f\000e\000r\000e\000n\000c\000e\000\040\000a\000n\000d\000\040\000P\000h\000y\000s\000i\000c\000s\000-\000G\000u\000i\000d\000e\000d\000\040\000G\000a\000t\000i\000n\000g}{section.3.1}% 30
\BOOKMARK [2][-]{subsection.3.1.4}{\376\377\000M\000u\000l\000t\000i\000-\000W\000e\000l\000l\000\040\000S\000t\000r\000u\000c\000t\000u\000r\000e\000\040\000a\000n\000d\000\040\000M\000o\000d\000e\000l\000\040\000D\000e\000p\000l\000o\000y\000m\000e\000n\000t}{section.3.1}% 31
\BOOKMARK [2][-]{subsection.3.1.5}{\376\377\000K\000e\000y\000\040\000A\000d\000v\000a\000n\000t\000a\000g\000e\000s\000\040\000o\000f\000\040\000t\000h\000e\000\040\000P\000r\000o\000p\000o\000s\000e\000d\000\040\000F\000r\000a\000m\000e\000w\000o\000r\000k}{section.3.1}% 32
\BOOKMARK [1][-]{section.3.2}{\376\377\000D\000a\000t\000a\000s\000e\000t\000\040\000D\000e\000s\000c\000r\000i\000p\000t\000i\000o\000n\000\040\000a\000n\000d\000\040\000P\000r\000e\000p\000r\000o\000c\000e\000s\000s\000i\000n\000g}{chapter.3}% 33
\BOOKMARK [2][-]{subsection.3.2.1}{\376\377\000D\000a\000t\000a\000\040\000S\000o\000u\000r\000c\000e\000s\000\040\000a\000n\000d\000\040\000A\000v\000a\000i\000l\000a\000b\000l\000e\000\040\000M\000e\000a\000s\000u\000r\000e\000m\000e\000n\000t\000s}{section.3.2}% 34
\BOOKMARK [2][-]{subsection.3.2.2}{\376\377\000W\000e\000l\000l\000-\000L\000e\000v\000e\000l\000\040\000P\000r\000e\000p\000r\000o\000c\000e\000s\000s\000i\000n\000g}{section.3.2}% 35
\BOOKMARK [2][-]{subsection.3.2.3}{\376\377\000D\000e\000r\000i\000v\000a\000t\000i\000o\000n\000\040\000o\000f\000\040\000M\000u\000l\000t\000i\000p\000h\000a\000s\000e\000\040\000F\000l\000o\000w\000\040\000V\000a\000r\000i\000a\000b\000l\000e\000s}{section.3.2}% 36
\BOOKMARK [2][-]{subsection.3.2.4}{\376\377\000T\000e\000m\000p\000o\000r\000a\000l\000\040\000I\000n\000d\000e\000x\000\040\000C\000o\000n\000s\000t\000r\000u\000c\000t\000i\000o\000n}{section.3.2}% 37
\BOOKMARK [2][-]{subsection.3.2.5}{\376\377\000C\000r\000o\000s\000s\000-\000W\000e\000l\000l\000\040\000C\000o\000n\000s\000o\000l\000i\000d\000a\000t\000i\000o\000n\000\040\000a\000n\000d\000\040\000E\000n\000c\000o\000d\000i\000n\000g}{section.3.2}% 38
\BOOKMARK [2][-]{subsection.3.2.6}{\376\377\000T\000e\000m\000p\000o\000r\000a\000l\000\040\000A\000l\000i\000g\000n\000m\000e\000n\000t\000\040\000a\000n\000d\000\040\000R\000e\000s\000a\000m\000p\000l\000i\000n\000g}{section.3.2}% 39
\BOOKMARK [1][-]{section.3.3}{\376\377\000P\000h\000y\000s\000i\000c\000s\000-\000B\000a\000s\000e\000d\000\040\000I\000n\000f\000l\000o\000w\000\040\000M\000o\000d\000e\000l\000l\000i\000n\000g}{chapter.3}% 40
\BOOKMARK [2][-]{subsection.3.3.1}{\376\377\000M\000o\000d\000e\000l\000i\000n\000g\000\040\000P\000h\000i\000l\000o\000s\000o\000p\000h\000y}{section.3.3}% 41
\BOOKMARK [2][-]{subsection.3.3.2}{\376\377\000M\000o\000d\000e\000l\000\040\000A\000s\000s\000u\000m\000p\000t\000i\000o\000n\000s\000\040\000a\000n\000d\000\040\000P\000h\000y\000s\000i\000c\000a\000l\000\040\000B\000a\000s\000i\000s}{section.3.3}% 42
\BOOKMARK [2][-]{subsection.3.3.3}{\376\377\000L\000i\000q\000u\000i\000d\000-\000R\000a\000t\000e\000\040\000I\000n\000f\000l\000o\000w\000\040\000E\000q\000u\000a\000t\000i\000o\000n}{section.3.3}% 43
\BOOKMARK [2][-]{subsection.3.3.4}{\376\377\000L\000o\000g\000i\000s\000t\000i\000c\000\040\000W\000a\000t\000e\000r\000-\000C\000u\000t\000\040\000C\000l\000o\000s\000u\000r\000e\000\040\000M\000o\000d\000e\000l}{section.3.3}% 44
\BOOKMARK [2][-]{subsection.3.3.5}{\376\377\000G\000a\000s\000\040\000F\000l\000o\000w\000\040\000M\000o\000d\000e\000l\000l\000i\000n\000g}{section.3.3}% 45
\BOOKMARK [2][-]{subsection.3.3.6}{\376\377\000P\000a\000r\000a\000m\000e\000t\000e\000r\000\040\000C\000a\000l\000i\000b\000r\000a\000t\000i\000o\000n\000\040\000v\000i\000a\000\040\000N\000o\000n\000l\000i\000n\000e\000a\000r\000\040\000L\000e\000a\000s\000t\000\040\000S\000q\000u\000a\000r\000e\000s}{section.3.3}% 46
\BOOKMARK [1][-]{section.3.4}{\376\377\000M\000a\000c\000h\000i\000n\000e\000-\000L\000e\000a\000r\000n\000i\000n\000g\000\040\000R\000e\000s\000i\000d\000u\000a\000l\000\040\000M\000o\000d\000e\000l\000l\000i\000n\000g}{chapter.3}% 47
\BOOKMARK [2][-]{subsection.3.4.1}{\376\377\000M\000o\000t\000i\000v\000a\000t\000i\000o\000n\000\040\000f\000o\000r\000\040\000R\000e\000s\000i\000d\000u\000a\000l\000\040\000L\000e\000a\000r\000n\000i\000n\000g}{section.3.4}% 48
\BOOKMARK [2][-]{subsection.3.4.2}{\376\377\000F\000e\000a\000t\000u\000r\000e\000\040\000E\000n\000g\000i\000n\000e\000e\000r\000i\000n\000g\000\040\000\050\000P\000o\000l\000y\000n\000o\000m\000i\000a\000l\000\040\000E\000x\000p\000a\000n\000s\000i\000o\000n\000\040\000a\000n\000d\000\040\000L\000a\000g\000g\000i\000n\000g\000\051}{section.3.4}% 49
\BOOKMARK [2][-]{subsection.3.4.3}{\376\377\000G\000r\000a\000d\000i\000e\000n\000t\000\040\000B\000o\000o\000s\000t\000i\000n\000g\000\040\000R\000e\000g\000r\000e\000s\000s\000o\000r\000\040\000C\000o\000n\000f\000i\000g\000u\000r\000a\000t\000i\000o\000n}{section.3.4}% 50
\BOOKMARK [2][-]{subsection.3.4.4}{\376\377\000T\000r\000a\000i\000n\000i\000n\000g\000\040\000o\000f\000\040\000R\000e\000s\000i\000d\000u\000a\000l\000\040\000M\000o\000d\000e\000l\000s\000\040\000\050\000O\000i\000l\000,\000\040\000G\000a\000s\000,\000\040\000W\000a\000t\000e\000r\000\040\000C\000u\000t\000\051}{section.3.4}% 51
\BOOKMARK [1][-]{section.3.5}{\376\377\000H\000y\000b\000r\000i\000d\000\040\000P\000h\000y\000s\000i\000c\000s\040\023\000M\000L\000\040\000R\000a\000t\000e\000\040\000S\000y\000n\000t\000h\000e\000s\000i\000s}{chapter.3}% 52
\BOOKMARK [2][-]{subsection.3.5.1}{\376\377\000C\000o\000m\000b\000i\000n\000i\000n\000g\000\040\000P\000h\000y\000s\000i\000c\000s\000\040\000P\000r\000e\000d\000i\000c\000t\000i\000o\000n\000s\000\040\000w\000i\000t\000h\000\040\000R\000e\000s\000i\000d\000u\000a\000l\000\040\000C\000o\000r\000r\000e\000c\000t\000i\000o\000n\000s}{section.3.5}% 53
\BOOKMARK [2][-]{subsection.3.5.2}{\376\377\000E\000n\000f\000o\000r\000c\000i\000n\000g\000\040\000L\000i\000q\000u\000i\000d\000-\000S\000p\000l\000i\000t\000\040\000a\000n\000d\000\040\000W\000a\000t\000e\000r\000-\000C\000u\000t\000\040\000C\000o\000n\000s\000i\000s\000t\000e\000n\000c\000y}{section.3.5}% 54
\BOOKMARK [2][-]{subsection.3.5.3}{\376\377\000E\000r\000r\000o\000r\000\040\000H\000a\000n\000d\000l\000i\000n\000g\000\040\000a\000n\000d\000\040\000P\000h\000y\000s\000i\000c\000a\000l\000\040\000C\000o\000n\000s\000t\000r\000a\000i\000n\000t\000s}{section.3.5}% 55
\BOOKMARK [1][-]{section.3.6}{\376\377\000T\000e\000m\000p\000o\000r\000a\000l\000\040\000R\000e\000c\000o\000n\000s\000t\000r\000u\000c\000t\000i\000o\000n\000\040\000o\000f\000\040\000H\000i\000s\000t\000o\000r\000i\000c\000a\000l\000\040\000P\000r\000o\000d\000u\000c\000t\000i\000o\000n\000\040\000R\000a\000t\000e\000s}{chapter.3}% 56
\BOOKMARK [2][-]{subsection.3.6.1}{\376\377\000R\000e\000c\000o\000n\000s\000t\000r\000u\000c\000t\000i\000o\000n\000\040\000S\000t\000r\000a\000t\000e\000g\000y}{section.3.6}% 57
\BOOKMARK [2][-]{subsection.3.6.2}{\376\377\000I\000n\000t\000e\000g\000r\000a\000t\000i\000o\000n\000\040\000o\000f\000\040\000O\000b\000s\000e\000r\000v\000e\000d\000\040\000W\000e\000l\000l\000-\000T\000e\000s\000t\000\040\000V\000a\000l\000u\000e\000s}{section.3.6}% 58
\BOOKMARK [2][-]{subsection.3.6.3}{\376\377\000O\000u\000t\000p\000u\000t\000\040\000S\000t\000r\000u\000c\000t\000u\000r\000e\000\040\000o\000f\000\040\000t\000h\000e\000\040\000D\000e\000n\000s\000e\000\040\000R\000e\000c\000o\000n\000s\000t\000r\000u\000c\000t\000e\000d\000\040\000D\000a\000t\000a\000s\000e\000t}{section.3.6}% 59
\BOOKMARK [1][-]{section.3.7}{\376\377\000M\000o\000d\000e\000l\000\040\000I\000n\000t\000e\000g\000r\000a\000t\000i\000o\000n\000\040\000a\000n\000d\000\040\000F\000u\000l\000l\000\040\000W\000o\000r\000k\000f\000l\000o\000w}{chapter.3}% 60
\BOOKMARK [2][-]{subsection.3.7.1}{\376\377\000S\000t\000e\000p\000-\000b\000y\000-\000S\000t\000e\000p\000\040\000P\000i\000p\000e\000l\000i\000n\000e\000\040\000S\000u\000m\000m\000a\000r\000y}{section.3.7}% 61
\BOOKMARK [2][-]{subsection.3.7.2}{\376\377\000C\000o\000m\000p\000u\000t\000a\000t\000i\000o\000n\000a\000l\000\040\000C\000o\000n\000s\000i\000d\000e\000r\000a\000t\000i\000o\000n\000s}{section.3.7}% 62
\BOOKMARK [1][-]{section.3.8}{\376\377\000L\000i\000m\000i\000t\000a\000t\000i\000o\000n\000s\000\040\000a\000n\000d\000\040\000A\000s\000s\000u\000m\000p\000t\000i\000o\000n\000s}{chapter.3}% 63
\BOOKMARK [2][-]{subsection.3.8.1}{\376\377\000P\000h\000y\000s\000i\000c\000a\000l\000\040\000M\000o\000d\000e\000l\000\040\000A\000s\000s\000u\000m\000p\000t\000i\000o\000n\000s}{section.3.8}% 64
\BOOKMARK [2][-]{subsection.3.8.2}{\376\377\000M\000a\000c\000h\000i\000n\000e\000-\000L\000e\000a\000r\000n\000i\000n\000g\000\040\000M\000o\000d\000e\000l\000\040\000A\000s\000s\000u\000m\000p\000t\000i\000o\000n\000s}{section.3.8}% 65
\BOOKMARK [2][-]{subsection.3.8.3}{\376\377\000D\000a\000t\000a\000\040\000L\000i\000m\000i\000t\000a\000t\000i\000o\000n\000s}{section.3.8}% 66
\BOOKMARK [0][-]{chapter.4}{\376\377\000E\000x\000p\000e\000r\000i\000m\000e\000n\000t\000a\000t\000i\000o\000n}{}% 67
\BOOKMARK [1][-]{section.4.1}{\376\377\000E\000x\000p\000e\000r\000i\000m\000e\000n\000t\000a\000l\000\040\000O\000b\000j\000e\000c\000t\000i\000v\000e\000s}{chapter.4}% 68
\BOOKMARK [1][-]{section.4.2}{\376\377\000E\000x\000p\000e\000r\000i\000m\000e\000n\000t\000a\000l\000\040\000D\000a\000t\000a\000\040\000P\000a\000r\000t\000i\000t\000i\000o\000n\000i\000n\000g}{chapter.4}% 69
\BOOKMARK [1][-]{section.4.3}{\376\377\000P\000r\000o\000d\000u\000c\000t\000i\000o\000n\000-\000M\000i\000m\000i\000c\000k\000i\000n\000g\000\040\000E\000x\000p\000e\000r\000i\000m\000e\000n\000t\000a\000l\000\040\000W\000o\000r\000k\000f\000l\000o\000w}{chapter.4}% 70
\BOOKMARK [1][-]{section.4.4}{\376\377\000E\000x\000p\000e\000r\000i\000m\000e\000n\000t\000a\000l\000\040\000M\000o\000d\000e\000l\000\040\000C\000o\000n\000f\000i\000g\000u\000r\000a\000t\000i\000o\000n\000s}{chapter.4}% 71
\BOOKMARK [1][-]{section.4.5}{\376\377\000E\000v\000a\000l\000u\000a\000t\000i\000o\000n\000\040\000M\000e\000t\000r\000i\000c\000s}{chapter.4}% 72
\BOOKMARK [2][-]{subsection.4.5.1}{\376\377\000C\000o\000e\000f\000f\000i\000c\000i\000e\000n\000t\000\040\000o\000f\000\040\000D\000e\000t\000e\000r\000m\000i\000n\000a\000t\000i\000o\000n}{section.4.5}% 73
\BOOKMARK [2][-]{subsection.4.5.2}{\376\377\000M\000e\000a\000n\000\040\000A\000b\000s\000o\000l\000u\000t\000e\000\040\000E\000r\000r\000o\000r}{section.4.5}% 74
\BOOKMARK [2][-]{subsection.4.5.3}{\376\377\000R\000o\000o\000t\000\040\000M\000e\000a\000n\000\040\000S\000q\000u\000a\000r\000e\000d\000\040\000E\000r\000r\000o\000r}{section.4.5}% 75
\BOOKMARK [2][-]{subsection.4.5.4}{\376\377\000M\000e\000a\000n\000\040\000A\000b\000s\000o\000l\000u\000t\000e\000\040\000P\000e\000r\000c\000e\000n\000t\000a\000g\000e\000\040\000E\000r\000r\000o\000r}{section.4.5}% 76
\BOOKMARK [2][-]{subsection.4.5.5}{\376\377\000M\000e\000a\000n\000\040\000P\000e\000r\000c\000e\000n\000t\000a\000g\000e\000\040\000E\000r\000r\000o\000r}{section.4.5}% 77
\BOOKMARK [1][-]{section.4.6}{\376\377\000E\000v\000a\000l\000u\000a\000t\000i\000o\000n\000\040\000o\000f\000\040\000D\000e\000r\000i\000v\000e\000d\000\040\000P\000r\000o\000d\000u\000c\000t\000i\000o\000n\000\040\000R\000a\000t\000i\000o\000s}{chapter.4}% 78
\BOOKMARK [1][-]{section.4.7}{\376\377\000C\000r\000o\000s\000s\000-\000W\000e\000l\000l\000\040\000E\000x\000p\000e\000r\000i\000m\000e\000n\000t\000a\000l\000\040\000A\000s\000s\000e\000s\000s\000m\000e\000n\000t}{chapter.4}% 79
\BOOKMARK [1][-]{section.4.8}{\376\377\000S\000u\000m\000m\000a\000r\000y\000\040\000o\000f\000\040\000E\000x\000p\000e\000r\000i\000m\000e\000n\000t\000a\000l\000\040\000D\000e\000s\000i\000g\000n}{chapter.4}% 80
\BOOKMARK [0][-]{chapter.5}{\376\377\000R\000e\000s\000u\000l\000t\000s\000\040\000a\000n\000d\000\040\000A\000n\000a\000l\000y\000s\000i\000s}{}% 81
\BOOKMARK [0][-]{chapter.6}{\376\377\000D\000i\000s\000c\000u\000s\000s\000i\000o\000n}{}% 82
\BOOKMARK [0][-]{chapter*.22}{\376\377\000R\000e\000f\000e\000r\000e\000n\000c\000e\000s}{}% 83
